<?xml version="1.0" encoding="UTF-8"?>
<!-- Generated by org.testng.reporters.JUnitXMLReporter -->
<testsuite hostname="Lenovo" ignored="0" name="Test" tests="12" failures="2" timestamp="2021-04-12T11:29:39 IST" time="1.027" errors="0">
  <testcase name="credentials" time="0.079" classname="com.TestNG_10Am_Batch.My_Test">
    <skipped/>
  </testcase> <!-- credentials -->
  <testcase name="credentials" time="0.013" classname="com.TestNG_10Am_Batch.My_Test">
    <skipped/>
  </testcase> <!-- credentials -->
  <testcase name="credentials" time="0.048" classname="com.TestNG_10Am_Batch.My_Test">
    <skipped/>
  </testcase> <!-- credentials -->
  <testcase name="credentials" time="0.009" classname="com.TestNG_10Am_Batch.My_Test">
    <skipped/>
  </testcase> <!-- credentials -->
  <testcase name="credentials" time="0.015" classname="com.TestNG_10Am_Batch.My_Test">
    <skipped/>
  </testcase> <!-- credentials -->
  <testcase name="credentials" time="0.019" classname="com.TestNG_10Am_Batch.My_Test">
    <failure type="java.lang.AssertionError" message="expected [Starc] but found [Smith]">
      <![CDATA[java.lang.AssertionError: expected [Starc] but found [Smith]
at com.TestNG_10Am_Batch.My_Test.credentials(My_Test.java:15)
at java.util.ArrayList.forEach(Unknown Source)
... Removed 32 stack frames]]>
    </failure>
  </testcase> <!-- credentials -->
  <testcase name="credentials1" time="0.057" classname="com.TestNG_10Am_Batch.My_Test">
    <skipped/>
  </testcase> <!-- credentials1 -->
  <testcase name="credentials1" time="0.014" classname="com.TestNG_10Am_Batch.My_Test">
    <skipped/>
  </testcase> <!-- credentials1 -->
  <testcase name="credentials1" time="0.008" classname="com.TestNG_10Am_Batch.My_Test">
    <skipped/>
  </testcase> <!-- credentials1 -->
  <testcase name="credentials1" time="0.003" classname="com.TestNG_10Am_Batch.My_Test">
    <skipped/>
  </testcase> <!-- credentials1 -->
  <testcase name="credentials1" time="0.002" classname="com.TestNG_10Am_Batch.My_Test">
    <skipped/>
  </testcase> <!-- credentials1 -->
  <testcase name="credentials1" time="0.01" classname="com.TestNG_10Am_Batch.My_Test">
    <failure type="java.lang.AssertionError" message="expected [Starc123] but found [Smith123]">
      <![CDATA[java.lang.AssertionError: expected [Starc123] but found [Smith123]
at com.TestNG_10Am_Batch.My_Test.credentials1(My_Test.java:26)
at java.util.ArrayList.forEach(Unknown Source)
... Removed 32 stack frames]]>
    </failure>
  </testcase> <!-- credentials1 -->
</testsuite> <!-- Test -->
